{"meta": {"format": 3, "version": "7.15.2", "timestamp": "2026-08-30T21:13:46.192925", "branch_coverage": true, "show_contexts": false}, "files": {"unicorefw/types.py": {"executed_lines": [15, 16, 17, 18, 19, 21, 35, 38, 52, 55, 69, 72, 87, 90, 104, 107, 121, 124, 138, 140, 143, 157, 160, 173, 176, 190, 193, 207, 210, 224, 227, 241, 244, 258, 261, 275, 278, 292, 295, 310, 312, 315, 330, 333, 348, 350, 353, 368, 370, 373, 388, 390, 393, 408, 409, 411, 416, 433, 434, 435, 436, 438, 440, 452, 456, 481, 482, 483, 484, 487, 488, 491, 492, 494, 495, 496, 497, 498, 499, 501, 502, 503, 504, 507, 508, 509, 513, 515, 516, 518, 519, 521, 522, 523, 526, 528, 529, 530, 533, 534, 535, 538, 539, 540, 543, 544, 546], "summary": {"covered_lines": 107, "num_statements": 110, "percent_covered": 97.36842105263158, "percent_covered_display": "97.37", "missing_lines": 3, "excluded_lines": 0, "percent_statements_covered": 97.27272727272727, "percent_statements_covered_display": "97.27", "num_branches": 42, "num_partial_branches": 1, "covered_branches": 41, "missing_branches": 1, "percent_branches_covered": 97.61904761904762, "percent_branches_covered_display": "97.62"}, "missing_lines": [412, 413, 510], "excluded_lines": [], "executed_branches": [[433, 434], [433, 435], [435, 436], [435, 438], [481, 482], [481, 483], [483, 484], [483, 487], [487, 488], [487, 491], [494, 495], [494, 546], [496, 497], [496, 498], [498, 499], [498, 501], [502, 503], [502, 504], [507, 508], [507, 513], [508, 509], [513, 515], [513, 526], [515, 516], [515, 518], [518, 519], [518, 521], [521, 522], [521, 523], [526, 528], [526, 533], [528, 529], [528, 530], [533, 534], [533, 543], [534, 535], [534, 538], [538, 539], [538, 540], [543, 494], [543, 544]], "missing_branches": [[508, 510]], "functions": {"is_string": {"executed_lines": [35], "summary": {"covered_lines": 1, "num_statements": 1, "percent_covered": 100.0, "percent_covered_display": "100.00", "missing_lines": 0, "excluded_lines": 0, "percent_statements_covered": 100.0, "percent_statements_covered_display": "100.00", "num_branches": 0, "num_partial_branches": 0, "covered_branches": 0, "missing_branches": 0, "percent_branches_covered": 100.0, "percent_branches_covered_display": "100.00"}, "missing_lines": [], "excluded_lines": [], "start_line": 21, "executed_branches": [], "missing_branches": []}, "is_number": {"executed_lines": [52], "summary": {"covered_lines": 1, "num_statements": 1, "percent_covered": 100.0, "percent_covered_display": "100.00", "missing_lines": 0, "excluded_lines": 0, "percent_statements_covered": 100.0, "percent_statements_covered_display": "100.00", "num_branches": 0, "num_partial_branches": 0, "covered_branches": 0, "missing_branches": 0, "percent_branches_covered": 100.0, "percent_branches_covered_display": "100.00"}, "missing_lines": [], "excluded_lines": [], "start_line": 38, "executed_branches": [], "missing_branches": []}, "is_array": {"executed_lines": [69], "summary": {"covered_lines": 1, "num_statements": 1, "percent_covered": 100.0, "percent_covered_display": "100.00", "missing_lines": 0, "excluded_lines": 0, "percent_statements_covered": 100.0, "percent_statements_covered_display": "100.00", "num_branches": 0, "num_partial_branches": 0, "covered_branches": 0, "missing_branches": 0, "percent_branches_covered": 100.0, "percent_branches_covered_display": "100.00"}, "missing_lines": [], "excluded_lines": [], "start_line": 55, "executed_branches": [], "missing_branches": []}, "is_object": {"executed_lines": [87], "summary": {"covered_lines": 1, "num_statements": 1, "percent_covered": 100.0, "percent_covered_display": "100.00", "missing_lines": 0, "excluded_lines": 0, "percent_statements_covered": 100.0, "percent_statements_covered_display": "100.00", "num_branches": 0, "num_partial_branches": 0, "covered_branches": 0, "missing_branches": 0, "percent_branches_covered": 100.0, "percent_branches_covered_display": "100.00"}, "missing_lines": [], "excluded_lines": [], "start_line": 72, "executed_branches": [], "missing_branches": []}, "is_function": {"executed_lines": [104], "summary": {"covered_lines": 1, "num_statements": 1, "percent_covered": 100.0, "percent_covered_display": "100.00", "missing_lines": 0, "excluded_lines": 0, "percent_statements_covered": 100.0, "percent_statements_covered_display": "100.00", "num_branches": 0, "num_partial_branches": 0, "covered_branches": 0, "missing_branches": 0, "percent_branches_covered": 100.0, "percent_branches_covered_display": "100.00"}, "missing_lines": [], "excluded_lines": [], "start_line": 90, "executed_branches": [], "missing_branches": []}, "is_boolean": {"executed_lines": [121], "summary": {"covered_lines": 1, "num_statements": 1, "percent_covered": 100.0, "percent_covered_display": "100.00", "missing_lines": 0, "excluded_lines": 0, "percent_statements_covered": 100.0, "percent_statements_covered_display": "100.00", "num_branches": 0, "num_partial_branches": 0, "covered_branches": 0, "missing_branches": 0, "percent_branches_covered": 100.0, "percent_branches_covered_display": "100.00"}, "missing_lines": [], "excluded_lines": [], "start_line": 107, "executed_branches": [], "missing_branches": []}, "is_date": {"executed_lines": [138, 140], "summary": {"covered_lines": 2, "num_statements": 2, "percent_covered": 100.0, "percent_covered_display": "100.00", "missing_lines": 0, "excluded_lines": 0, "percent_statements_covered": 100.0, "percent_statements_covered_display": "100.00", "num_branches": 0, "num_partial_branches": 0, "covered_branches": 0, "missing_branches": 0, "percent_branches_covered": 100.0, "percent_branches_covered_display": "100.00"}, "missing_lines": [], "excluded_lines": [], "start_line": 124, "executed_branches": [], "missing_branches": []}, "is_reg_exp": {"executed_lines": [157], "summary": {"covered_lines": 1, "num_statements": 1, "percent_covered": 100.0, "percent_covered_display": "100.00", "missing_lines": 0, "excluded_lines": 0, "percent_statements_covered": 100.0, "percent_statements_covered_display": "100.00", "num_branches": 0, "num_partial_branches": 0, "covered_branches": 0, "missing_branches": 0, "percent_branches_covered": 100.0, "percent_branches_covered_display": "100.00"}, "missing_lines": [], "excluded_lines": [], "start_line": 143, "executed_branches": [], "missing_branches": []}, "is_error": {"executed_lines": [173], "summary": {"covered_lines": 1, "num_statements": 1, "percent_covered": 100.0, "percent_covered_display": "100.00", "missing_lines": 0, "excluded_lines": 0, "percent_statements_covered": 100.0, "percent_statements_covered_display": "100.00", "num_branches": 0, "num_partial_branches": 0, "covered_branches": 0, "missing_branches": 0, "percent_branches_covered": 100.0, "percent_branches_covered_display": "100.00"}, "missing_lines": [], "excluded_lines": [], "start_line": 160, "executed_branches": [], "missing_branches": []}, "is_null": {"executed_lines": [190], "summary": {"covered_lines": 1, "num_statements": 1, "percent_covered": 100.0, "percent_covered_display": "100.00", "missing_lines": 0, "excluded_lines": 0, "percent_statements_covered": 100.0, "percent_statements_covered_display": "100.00", "num_branches": 0, "num_partial_branches": 0, "covered_branches": 0, "missing_branches": 0, "percent_branches_covered": 100.0, "percent_branches_covered_display": "100.00"}, "missing_lines": [], "excluded_lines": [], "start_line": 176, "executed_branches": [], "missing_branches": []}, "is_undefined": {"executed_lines": [207], "summary": {"covered_lines": 1, "num_statements": 1, "percent_covered": 100.0, "percent_covered_display": "100.00", "missing_lines": 0, "excluded_lines": 0, "percent_statements_covered": 100.0, "percent_statements_covered_display": "100.00", "num_branches": 0, "num_partial_branches": 0, "covered_branches": 0, "missing_branches": 0, "percent_branches_covered": 100.0, "percent_branches_covered_display": "100.00"}, "missing_lines": [], "excluded_lines": [], "start_line": 193, "executed_branches": [], "missing_branches": []}, "is_finite": {"executed_lines": [224], "summary": {"covered_lines": 1, "num_statements": 1, "percent_covered": 100.0, "percent_covered_display": "100.00", "missing_lines": 0, "excluded_lines": 0, "percent_statements_covered": 100.0, "percent_statements_covered_display": "100.00", "num_branches": 0, "num_partial_branches": 0, "covered_branches": 0, "missing_branches": 0, "percent_branches_covered": 100.0, "percent_branches_covered_display": "100.00"}, "missing_lines": [], "excluded_lines": [], "start_line": 210, "executed_branches": [], "missing_branches": []}, "is_nan": {"executed_lines": [241], "summary": {"covered_lines": 1, "num_statements": 1, "percent_covered": 100.0, "percent_covered_display": "100.00", "missing_lines": 0, "excluded_lines": 0, "percent_statements_covered": 100.0, "percent_statements_covered_display": "100.00", "num_branches": 0, "num_partial_branches": 0, "covered_branches": 0, "missing_branches": 0, "percent_branches_covered": 100.0, "percent_branches_covered_display": "100.00"}, "missing_lines": [], "excluded_lines": [], "start_line": 227, "executed_branches": [], "missing_branches": []}, "is_map": {"executed_lines": [258], "summary": {"covered_lines": 1, "num_statements": 1, "percent_covered": 100.0, "percent_covered_display": "100.00", "missing_lines": 0, "excluded_lines": 0, "percent_statements_covered": 100.0, "percent_statements_covered_display": "100.00", "num_branches": 0, "num_partial_branches": 0, "covered_branches": 0, "missing_branches": 0, "percent_branches_covered": 100.0, "percent_branches_covered_display": "100.00"}, "missing_lines": [], "excluded_lines": [], "start_line": 244, "executed_branches": [], "missing_branches": []}, "is_set": {"executed_lines": [275], "summary": {"covered_lines": 1, "num_statements": 1, "percent_covered": 100.0, "percent_covered_display": "100.00", "missing_lines": 0, "excluded_lines": 0, "percent_statements_covered": 100.0, "percent_statements_covered_display": "100.00", "num_branches": 0, "num_partial_branches": 0, "covered_branches": 0, "missing_branches": 0, "percent_branches_covered": 100.0, "percent_branches_covered_display": "100.00"}, "missing_lines": [], "excluded_lines": [], "start_line": 261, "executed_branches": [], "missing_branches": []}, "is_arguments": {"executed_lines": [292], "summary": {"covered_lines": 1, "num_statements": 1, "percent_covered": 100.0, "percent_covered_display": "100.00", "missing_lines": 0, "excluded_lines": 0, "percent_statements_covered": 100.0, "percent_statements_covered_display": "100.00", "num_branches": 0, "num_partial_branches": 0, "covered_branches": 0, "missing_branches": 0, "percent_branches_covered": 100.0, "percent_branches_covered_display": "100.00"}, "missing_lines": [], "excluded_lines": [], "start_line": 278, "executed_branches": [], "missing_branches": []}, "is_array_buffer": {"executed_lines": [310, 312], "summary": {"covered_lines": 2, "num_statements": 2, "percent_covered": 100.0, "percent_covered_display": "100.00", "missing_lines": 0, "excluded_lines": 0, "percent_statements_covered": 100.0, "percent_statements_covered_display": "100.00", "num_branches": 0, "num_partial_branches": 0, "covered_branches": 0, "missing_branches": 0, "percent_branches_covered": 100.0, "percent_branches_covered_display": "100.00"}, "missing_lines": [], "excluded_lines": [], "start_line": 295, "executed_branches": [], "missing_branches": []}, "is_data_view": {"executed_lines": [330], "summary": {"covered_lines": 1, "num_statements": 1, "percent_covered": 100.0, "percent_covered_display": "100.00", "missing_lines": 0, "excluded_lines": 0, "percent_statements_covered": 100.0, "percent_statements_covered_display": "100.00", "num_branches": 0, "num_partial_branches": 0, "covered_branches": 0, "missing_branches": 0, "percent_branches_covered": 100.0, "percent_branches_covered_display": "100.00"}, "missing_lines": [], "excluded_lines": [], "start_line": 315, "executed_branches": [], "missing_branches": []}, "is_typed_array": {"executed_lines": [348, 350], "summary": {"covered_lines": 2, "num_statements": 2, "percent_covered": 100.0, "percent_covered_display": "100.00", "missing_lines": 0, "excluded_lines": 0, "percent_statements_covered": 100.0, "percent_statements_covered_display": "100.00", "num_branches": 0, "num_partial_branches": 0, "covered_branches": 0, "missing_branches": 0, "percent_branches_covered": 100.0, "percent_branches_covered_display": "100.00"}, "missing_lines": [], "excluded_lines": [], "start_line": 333, "executed_branches": [], "missing_branches": []}, "is_weak_map": {"executed_lines": [368, 370], "summary": {"covered_lines": 2, "num_statements": 2, "percent_covered": 100.0, "percent_covered_display": "100.00", "missing_lines": 0, "excluded_lines": 0, "percent_statements_covered": 100.0, "percent_statements_covered_display": "100.00", "num_branches": 0, "num_partial_branches": 0, "covered_branches": 0, "missing_branches": 0, "percent_branches_covered": 100.0, "percent_branches_covered_display": "100.00"}, "missing_lines": [], "excluded_lines": [], "start_line": 353, "executed_branches": [], "missing_branches": []}, "is_weak_set": {"executed_lines": [388, 390], "summary": {"covered_lines": 2, "num_statements": 2, "percent_covered": 100.0, "percent_covered_display": "100.00", "missing_lines": 0, "excluded_lines": 0, "percent_statements_covered": 100.0, "percent_statements_covered_display": "100.00", "num_branches": 0, "num_partial_branches": 0, "covered_branches": 0, "missing_branches": 0, "percent_branches_covered": 100.0, "percent_branches_covered_display": "100.00"}, "missing_lines": [], "excluded_lines": [], "start_line": 373, "executed_branches": [], "missing_branches": []}, "is_element": {"executed_lines": [408, 409, 411], "summary": {"covered_lines": 3, "num_statements": 5, "percent_covered": 60.0, "percent_covered_display": "60.00", "missing_lines": 2, "excluded_lines": 0, "percent_statements_covered": 60.0, "percent_statements_covered_display": "60.00", "num_branches": 0, "num_partial_branches": 0, "covered_branches": 0, "missing_branches": 0, "percent_branches_covered": 100.0, "percent_branches_covered_display": "100.00"}, "missing_lines": [412, 413], "excluded_lines": [], "start_line": 393, "executed_branches": [], "missing_branches": []}, "is_empty": {"executed_lines": [433, 434, 435, 436, 438], "summary": {"covered_lines": 5, "num_statements": 5, "percent_covered": 100.0, "percent_covered_display": "100.00", "missing_lines": 0, "excluded_lines": 0, "percent_statements_covered": 100.0, "percent_statements_covered_display": "100.00", "num_branches": 4, "num_partial_branches": 0, "covered_branches": 4, "missing_branches": 0, "percent_branches_covered": 100.0, "percent_branches_covered_display": "100.00"}, "missing_lines": [], "excluded_lines": [], "start_line": 416, "executed_branches": [[433, 434], [433, 435], [435, 436], [435, 438]], "missing_branches": []}, "is_symbol": {"executed_lines": [452], "summary": {"covered_lines": 1, "num_statements": 1, "percent_covered": 100.0, "percent_covered_display": "100.00", "missing_lines": 0, "excluded_lines": 0, "percent_statements_covered": 100.0, "percent_statements_covered_display": "100.00", "num_branches": 0, "num_partial_branches": 0, "covered_branches": 0, "missing_branches": 0, "percent_branches_covered": 100.0, "percent_branches_covered_display": "100.00"}, "missing_lines": [], "excluded_lines": [], "start_line": 440, "executed_branches": [], "missing_branches": []}, "is_equal": {"executed_lines": [481, 482, 483, 484, 487, 488, 491, 492, 494, 495, 496, 497, 498, 499, 501, 502, 503, 504, 507, 508, 509, 513, 515, 516, 518, 519, 521, 522, 523, 526, 528, 529, 530, 533, 534, 535, 538, 539, 540, 543, 544, 546], "summary": {"covered_lines": 42, "num_statements": 43, "percent_covered": 97.53086419753086, "percent_covered_display": "97.53", "missing_lines": 1, "excluded_lines": 0, "percent_statements_covered": 97.67441860465117, "percent_statements_covered_display": "97.67", "num_branches": 38, "num_partial_branches": 1, "covered_branches": 37, "missing_branches": 1, "percent_branches_covered": 97.36842105263158, "percent_branches_covered_display": "97.37"}, "missing_lines": [510], "excluded_lines": [], "start_line": 456, "executed_branches": [[481, 482], [481, 483], [483, 484], [483, 487], [487, 488], [487, 491], [494, 495], [494, 546], [496, 497], [496, 498], [498, 499], [498, 501], [502, 503], [502, 504], [507, 508], [507, 513], [508, 509], [513, 515], [513, 526], [515, 516], [515, 518], [518, 519], [518, 521], [521, 522], [521, 523], [526, 528], [526, 533], [528, 529], [528, 530], [533, 534], [533, 543], [534, 535], [534, 538], [538, 539], [538, 540], [543, 494], [543, 544]], "missing_branches": [[508, 510]]}, "": {"executed_lines": [15, 16, 17, 18, 19, 21, 38, 55, 72, 90, 107, 124, 143, 160, 176, 193, 210, 227, 244, 261, 278, 295, 315, 333, 353, 373, 393, 416, 440, 456], "summary": {"covered_lines": 30, "num_statements": 30, "percent_covered": 100.0, "percent_covered_display": "100.00", "missing_lines": 0, "excluded_lines": 0, "percent_statements_covered": 100.0, "percent_statements_covered_display": "100.00", "num_branches": 0, "num_partial_branches": 0, "covered_branches": 0, "missing_branches": 0, "percent_branches_covered": 100.0, "percent_branches_covered_display": "100.00"}, "missing_lines": [], "excluded_lines": [], "start_line": 1, "executed_branches": [], "missing_branches": []}}, "classes": {"": {"executed_lines": [15, 16, 17, 18, 19, 21, 35, 38, 52, 55, 69, 72, 87, 90, 104, 107, 121, 124, 138, 140, 143, 157, 160, 173, 176, 190, 193, 207, 210, 224, 227, 241, 244, 258, 261, 275, 278, 292, 295, 310, 312, 315, 330, 333, 348, 350, 353, 368, 370, 373, 388, 390, 393, 408, 409, 411, 416, 433, 434, 435, 436, 438, 440, 452, 456, 481, 482, 483, 484, 487, 488, 491, 492, 494, 495, 496, 497, 498, 499, 501, 502, 503, 504, 507, 508, 509, 513, 515, 516, 518, 519, 521, 522, 523, 526, 528, 529, 530, 533, 534, 535, 538, 539, 540, 543, 544, 546], "summary": {"covered_lines": 107, "num_statements": 110, "percent_covered": 97.36842105263158, "percent_covered_display": "97.37", "missing_lines": 3, "excluded_lines": 0, "percent_statements_covered": 97.27272727272727, "percent_statements_covered_display": "97.27", "num_branches": 42, "num_partial_branches": 1, "covered_branches": 41, "missing_branches": 1, "percent_branches_covered": 97.61904761904762, "percent_branches_covered_display": "97.62"}, "missing_lines": [412, 413, 510], "excluded_lines": [], "start_line": 1, "executed_branches": [[433, 434], [433, 435], [435, 436], [435, 438], [481, 482], [481, 483], [483, 484], [483, 487], [487, 488], [487, 491], [494, 495], [494, 546], [496, 497], [496, 498], [498, 499], [498, 501], [502, 503], [502, 504], [507, 508], [507, 513], [508, 509], [513, 515], [513, 526], [515, 516], [515, 518], [518, 519], [518, 521], [521, 522], [521, 523], [526, 528], [526, 533], [528, 529], [528, 530], [533, 534], [533, 543], [534, 535], [534, 538], [538, 539], [538, 540], [543, 494], [543, 544]], "missing_branches": [[508, 510]]}}}, "unicorefw/utils.py": {"executed_lines": [16, 17, 18, 19, 20, 21, 22, 24, 33, 34, 35, 36, 37, 38, 39, 40, 41, 42, 43, 44, 46, 47, 50, 67, 85, 111, 133, 147, 172, 173, 174, 175, 176, 181, 186, 192, 193, 194, 196, 198, 199, 201, 202, 203, 204, 206, 207, 209, 210, 211, 212, 213, 214, 215, 216, 217, 218, 220, 221, 222, 223, 224, 228, 229, 230, 232, 233, 234, 235, 236, 237, 238, 239, 240, 243, 246, 247, 248, 249, 250, 252, 254, 255, 256, 258, 259, 260, 261, 269, 270, 272, 275, 293, 312, 329, 343, 361, 362, 364, 365, 366, 368, 369, 371, 372, 375, 378, 380, 383, 410, 411, 412, 417, 422, 427, 428, 434, 435, 436, 438, 440, 441, 442, 443, 444, 445, 449, 450, 453, 454, 455, 456, 462, 463, 468, 469, 470, 472, 475, 492, 493, 494, 495, 499, 516, 517, 518, 519, 523, 541, 559], "summary": {"covered_lines": 151, "num_statements": 174, "percent_covered": 86.08695652173913, "percent_covered_display": "86.09", "missing_lines": 23, "excluded_lines": 0, "percent_statements_covered": 86.7816091954023, "percent_statements_covered_display": "86.78", "num_branches": 56, "num_partial_branches": 5, "covered_branches": 47, "missing_branches": 9, "percent_branches_covered": 83.92857142857143, "percent_branches_covered_display": "83.93"}, "missing_lines": [64, 82, 105, 107, 108, 126, 128, 129, 130, 144, 241, 290, 308, 309, 326, 340, 457, 496, 520, 538, 556, 574, 576], "excluded_lines": [], "executed_branches": [[172, 173], [172, 174], [174, 175], [174, 176], [202, -201], [202, 203], [203, 202], [203, 204], [213, 214], [213, 220], [215, 216], [215, 218], [222, 223], [222, 224], [229, 230], [229, 232], [236, 237], [236, 243], [238, 239], [243, 246], [243, 248], [361, 362], [361, 364], [368, 369], [368, 380], [371, 372], [371, 375], [410, 411], [410, 412], [427, 428], [427, 434], [438, 440], [438, 472], [441, 442], [441, 453], [444, 445], [444, 449], [453, 454], [456, 462], [462, 463], [462, 468], [492, 493], [492, 494], [494, 495], [516, 517], [516, 518], [518, 519]], "missing_branches": [[128, -111], [128, 129], [129, 128], [129, 130], [238, 241], [453, 438], [456, 457], [494, 496], [518, 520]], "functions": {"identity": {"executed_lines": [], "summary": {"covered_lines": 0, "num_statements": 1, "percent_covered": 0.0, "percent_covered_display": "0.00", "missing_lines": 1, "excluded_lines": 0, "percent_statements_covered": 0.0, "percent_statements_covered_display": "0.00", "num_branches": 0, "num_partial_branches": 0, "covered_branches": 0, "missing_branches": 0, "percent_branches_covered": 100.0, "percent_branches_covered_display": "100.00"}, "missing_lines": [64], "excluded_lines": [], "start_line": 50, "executed_branches": [], "missing_branches": []}, "times": {"executed_lines": [], "summary": {"covered_lines": 0, "num_statements": 1, "percent_covered": 0.0, "percent_covered_display": "0.00", "missing_lines": 1, "excluded_lines": 0, "percent_statements_covered": 0.0, "percent_statements_covered_display": "0.00", "num_branches": 0, "num_partial_branches": 0, "covered_branches": 0, "missing_branches": 0, "percent_branches_covered": 100.0, "percent_branches_covered_display": "100.00"}, "missing_lines": [82], "excluded_lines": [], "start_line": 67, "executed_branches": [], "missing_branches": []}, "unique_id": {"executed_lines": [], "summary": {"covered_lines": 0, "num_statements": 3, "percent_covered": 0.0, "percent_covered_display": "0.00", "missing_lines": 3, "excluded_lines": 0, "percent_statements_covered": 0.0, "percent_statements_covered_display": "0.00", "num_branches": 0, "num_partial_branches": 0, "covered_branches": 0, "missing_branches": 0, "percent_branches_covered": 100.0, "percent_branches_covered_display": "100.00"}, "missing_lines": [105, 107, 108], "excluded_lines": [], "start_line": 85, "executed_branches": [], "missing_branches": []}, "mixin": {"executed_lines": [], "summary": {"covered_lines": 0, "num_statements": 4, "percent_covered": 0.0, "percent_covered_display": "0.00", "missing_lines": 4, "excluded_lines": 0, "percent_statements_covered": 0.0, "percent_statements_covered_display": "0.00", "num_branches": 4, "num_partial_branches": 0, "covered_branches": 0, "missing_branches": 4, "percent_branches_covered": 0.0, "percent_branches_covered_display": "0.00"}, "missing_lines": [126, 128, 129, 130], "excluded_lines": [], "start_line": 111, "executed_branches": [], "missing_branches": [[128, -111], [128, 129], [129, 128], [129, 130]]}, "now": {"executed_lines": [], "summary": {"covered_lines": 0, "num_statements": 1, "percent_covered": 0.0, "percent_covered_display": "0.00", "missing_lines": 1, "excluded_lines": 0, "percent_statements_covered": 0.0, "percent_statements_covered_display": "0.00", "num_branches": 0, "num_partial_branches": 0, "covered_branches": 0, "missing_branches": 0, "percent_branches_covered": 100.0, "percent_branches_covered_display": "100.00"}, "missing_lines": [144], "excluded_lines": [], "start_line": 133, "executed_branches": [], "missing_branches": []}, "memoize": {"executed_lines": [172, 173, 174, 175, 176, 181, 186, 192, 193, 194, 196, 201, 206, 207, 252, 258, 269, 270, 272], "summary": {"covered_lines": 19, "num_statements": 19, "percent_covered": 100.0, "percent_covered_display": "100.00", "missing_lines": 0, "excluded_lines": 0, "percent_statements_covered": 100.0, "percent_statements_covered_display": "100.00", "num_branches": 4, "num_partial_branches": 0, "covered_branches": 4, "missing_branches": 0, "percent_branches_covered": 100.0, "percent_branches_covered_display": "100.00"}, "missing_lines": [], "excluded_lines": [], "start_line": 147, "executed_branches": [[172, 173], [172, 174], [174, 175], [174, 176]], "missing_branches": []}, "memoize.remove_entry": {"executed_lines": [198, 199], "summary": {"covered_lines": 2, "num_statements": 2, "percent_covered": 100.0, "percent_covered_display": "100.00", "missing_lines": 0, "excluded_lines": 0, "percent_statements_covered": 100.0, "percent_statements_covered_display": "100.00", "num_branches": 0, "num_partial_branches": 0, "covered_branches": 0, "missing_branches": 0, "percent_branches_covered": 100.0, "percent_branches_covered_display": "100.00"}, "missing_lines": [], "excluded_lines": [], "start_line": 196, "executed_branches": [], "missing_branches": []}, "memoize.prune_expired": {"executed_lines": [202, 203, 204], "summary": {"covered_lines": 3, "num_statements": 3, "percent_covered": 100.0, "percent_covered_display": "100.00", "missing_lines": 0, "excluded_lines": 0, "percent_statements_covered": 100.0, "percent_statements_covered_display": "100.00", "num_branches": 4, "num_partial_branches": 0, "covered_branches": 4, "missing_branches": 0, "percent_branches_covered": 100.0, "percent_branches_covered_display": "100.00"}, "missing_lines": [], "excluded_lines": [], "start_line": 201, "executed_branches": [[202, -201], [202, 203], [203, 202], [203, 204]], "missing_branches": []}, "memoize.memoized_func": {"executed_lines": [209, 210, 211, 212, 213, 214, 215, 216, 217, 218, 220, 221, 222, 223, 224, 228, 229, 230, 232, 233, 234, 235, 236, 237, 238, 239, 240, 243, 246, 247, 248, 249, 250], "summary": {"covered_lines": 33, "num_statements": 34, "percent_covered": 95.83333333333333, "percent_covered_display": "95.83", "missing_lines": 1, "excluded_lines": 0, "percent_statements_covered": 97.05882352941177, "percent_statements_covered_display": "97.06", "num_branches": 14, "num_partial_branches": 1, "covered_branches": 13, "missing_branches": 1, "percent_branches_covered": 92.85714285714286, "percent_branches_covered_display": "92.86"}, "missing_lines": [241], "excluded_lines": [], "start_line": 207, "executed_branches": [[213, 214], [213, 220], [215, 216], [215, 218], [222, 223], [222, 224], [229, 230], [229, 232], [236, 237], [236, 243], [238, 239], [243, 246], [243, 248]], "missing_branches": [[238, 241]]}, "memoize.cache_clear": {"executed_lines": [254, 255, 256], "summary": {"covered_lines": 3, "num_statements": 3, "percent_covered": 100.0, "percent_covered_display": "100.00", "missing_lines": 0, "excluded_lines": 0, "percent_statements_covered": 100.0, "percent_statements_covered_display": "100.00", "num_branches": 0, "num_partial_branches": 0, "covered_branches": 0, "missing_branches": 0, "percent_branches_covered": 100.0, "percent_branches_covered_display": "100.00"}, "missing_lines": [], "excluded_lines": [], "start_line": 252, "executed_branches": [], "missing_branches": []}, "memoize.cache_info": {"executed_lines": [259, 260, 261], "summary": {"covered_lines": 3, "num_statements": 3, "percent_covered": 100.0, "percent_covered_display": "100.00", "missing_lines": 0, "excluded_lines": 0, "percent_statements_covered": 100.0, "percent_statements_covered_display": "100.00", "num_branches": 0, "num_partial_branches": 0, "covered_branches": 0, "missing_branches": 0, "percent_branches_covered": 100.0, "percent_branches_covered_display": "100.00"}, "missing_lines": [], "excluded_lines": [], "start_line": 258, "executed_branches": [], "missing_branches": []}, "random": {"executed_lines": [], "summary": {"covered_lines": 0, "num_statements": 1, "percent_covered": 0.0, "percent_covered_display": "0.00", "missing_lines": 1, "excluded_lines": 0, "percent_statements_covered": 0.0, "percent_statements_covered_display": "0.00", "num_branches": 0, "num_partial_branches": 0, "covered_branches": 0, "missing_branches": 0, "percent_branches_covered": 100.0, "percent_branches_covered_display": "100.00"}, "missing_lines": [290], "excluded_lines": [], "start_line": 275, "executed_branches": [], "missing_branches": []}, "tap": {"executed_lines": [], "summary": {"covered_lines": 0, "num_statements": 2, "percent_covered": 0.0, "percent_covered_display": "0.00", "missing_lines": 2, "excluded_lines": 0, "percent_statements_covered": 0.0, "percent_statements_covered_display": "0.00", "num_branches": 0, "num_partial_branches": 0, "covered_branches": 0, "missing_branches": 0, "percent_branches_covered": 100.0, "percent_branches_covered_display": "100.00"}, "missing_lines": [308, 309], "excluded_lines": [], "start_line": 293, "executed_branches": [], "missing_branches": []}, "constant": {"executed_lines": [], "summary": {"covered_lines": 0, "num_statements": 1, "percent_covered": 0.0, "percent_covered_display": "0.00", "missing_lines": 1, "excluded_lines": 0, "percent_statements_covered": 0.0, "percent_statements_covered_display": "0.00", "num_branches": 0, "num_partial_branches": 0, "covered_branches": 0, "missing_branches": 0, "percent_branches_covered": 100.0, "percent_branches_covered_display": "100.00"}, "missing_lines": [326], "excluded_lines": [], "start_line": 312, "executed_branches": [], "missing_branches": []}, "noop": {"executed_lines": [], "summary": {"covered_lines": 0, "num_statements": 1, "percent_covered": 0.0, "percent_covered_display": "0.00", "missing_lines": 1, "excluded_lines": 0, "percent_statements_covered": 0.0, "percent_statements_covered_display": "0.00", "num_branches": 0, "num_partial_branches": 0, "covered_branches": 0, "missing_branches": 0, "percent_branches_covered": 100.0, "percent_branches_covered_display": "100.00"}, "missing_lines": [340], "excluded_lines": [], "start_line": 329, "executed_branches": [], "missing_branches": []}, "compress": {"executed_lines": [361, 362, 364, 365, 366, 368, 369, 371, 372, 375, 378, 380], "summary": {"covered_lines": 12, "num_statements": 12, "percent_covered": 100.0, "percent_covered_display": "100.00", "missing_lines": 0, "excluded_lines": 0, "percent_statements_covered": 100.0, "percent_statements_covered_display": "100.00", "num_branches": 6, "num_partial_branches": 0, "covered_branches": 6, "missing_branches": 0, "percent_branches_covered": 100.0, "percent_branches_covered_display": "100.00"}, "missing_lines": [], "excluded_lines": [], "start_line": 343, "executed_branches": [[361, 362], [361, 364], [368, 369], [368, 380], [371, 372], [371, 375]], "missing_branches": []}, "decompress": {"executed_lines": [410, 411, 412, 417, 422, 427, 428, 434, 435, 436, 438, 440, 441, 442, 443, 444, 445, 449, 450, 453, 454, 455, 456, 462, 463, 468, 469, 470, 472], "summary": {"covered_lines": 29, "num_statements": 30, "percent_covered": 93.47826086956522, "percent_covered_display": "93.48", "missing_lines": 1, "excluded_lines": 0, "percent_statements_covered": 96.66666666666667, "percent_statements_covered_display": "96.67", "num_branches": 16, "num_partial_branches": 2, "covered_branches": 14, "missing_branches": 2, "percent_branches_covered": 87.5, "percent_branches_covered_display": "87.50"}, "missing_lines": [457], "excluded_lines": [], "start_line": 383, "executed_branches": [[410, 411], [410, 412], [427, 428], [427, 434], [438, 440], [438, 472], [441, 442], [441, 453], [444, 445], [444, 449], [453, 454], [456, 462], [462, 463], [462, 468]], "missing_branches": [[453, 438], [456, 457]]}, "max_value": {"executed_lines": [492, 493, 494, 495], "summary": {"covered_lines": 4, "num_statements": 5, "percent_covered": 77.77777777777777, "percent_covered_display": "77.78", "missing_lines": 1, "excluded_lines": 0, "percent_statements_covered": 80.0, "percent_statements_covered_display": "80.00", "num_branches": 4, "num_partial_branches": 1, "covered_branches": 3, "missing_branches": 1, "percent_branches_covered": 75.0, "percent_branches_covered_display": "75.00"}, "missing_lines": [496], "excluded_lines": [], "start_line": 475, "executed_branches": [[492, 493], [492, 494], [494, 495]], "missing_branches": [[494, 496]]}, "min_value": {"executed_lines": [516, 517, 518, 519], "summary": {"covered_lines": 4, "num_statements": 5, "percent_covered": 77.77777777777777, "percent_covered_display": "77.78", "missing_lines": 1, "excluded_lines": 0, "percent_statements_covered": 80.0, "percent_statements_covered_display": "80.00", "num_branches": 4, "num_partial_branches": 1, "covered_branches": 3, "missing_branches": 1, "percent_branches_covered": 75.0, "percent_branches_covered_display": "75.00"}, "missing_lines": [520], "excluded_lines": [], "start_line": 499, "executed_branches": [[516, 517], [516, 518], [518, 519]], "missing_branches": [[518, 520]]}, "some": {"executed_lines": [], "summary": {"covered_lines": 0, "num_statements": 1, "percent_covered": 0.0, "percent_covered_display": "0.00", "missing_lines": 1, "excluded_lines": 0, "percent_statements_covered": 0.0, "percent_statements_covered_display": "0.00", "num_branches": 0, "num_partial_branches": 0, "covered_branches": 0, "missing_branches": 0, "percent_branches_covered": 100.0, "percent_branches_covered_display": "100.00"}, "missing_lines": [538], "excluded_lines": [], "start_line": 523, "executed_branches": [], "missing_branches": []}, "every": {"executed_lines": [], "summary": {"covered_lines": 0, "num_statements": 1, "percent_covered": 0.0, "percent_covered_display": "0.00", "missing_lines": 1, "excluded_lines": 0, "percent_statements_covered": 0.0, "percent_statements_covered_display": "0.00", "num_branches": 0, "num_partial_branches": 0, "covered_branches": 0, "missing_branches": 0, "percent_branches_covered": 100.0, "percent_branches_covered_display": "100.00"}, "missing_lines": [556], "excluded_lines": [], "start_line": 541, "executed_branches": [], "missing_branches": []}, "chain": {"executed_lines": [], "summary": {"covered_lines": 0, "num_statements": 2, "percent_covered": 0.0, "percent_covered_display": "0.00", "missing_lines": 2, "excluded_lines": 0, "percent_statements_covered": 0.0, "percent_statements_covered_display": "0.00", "num_branches": 0, "num_partial_branches": 0, "covered_branches": 0, "missing_branches": 0, "percent_branches_covered": 100.0, "percent_branches_covered_display": "100.00"}, "missing_lines": [574, 576], "excluded_lines": [], "start_line": 559, "executed_branches": [], "missing_branches": []}, "": {"executed_lines": [16, 17, 18, 19, 20, 21, 22, 24, 33, 34, 35, 36, 37, 38, 39, 40, 41, 42, 43, 44, 46, 47, 50, 67, 85, 111, 133, 147, 275, 293, 312, 329, 343, 383, 475, 499, 523, 541, 559], "summary": {"covered_lines": 39, "num_statements": 39, "percent_covered": 100.0, "percent_covered_display": "100.00", "missing_lines": 0, "excluded_lines": 0, "percent_statements_covered": 100.0, "percent_statements_covered_display": "100.00", "num_branches": 0, "num_partial_branches": 0, "covered_branches": 0, "missing_branches": 0, "percent_branches_covered": 100.0, "percent_branches_covered_display": "100.00"}, "missing_lines": [], "excluded_lines": [], "start_line": 1, "executed_branches": [], "missing_branches": []}}, "classes": {"": {"executed_lines": [16, 17, 18, 19, 20, 21, 22, 24, 33, 34, 35, 36, 37, 38, 39, 40, 41, 42, 43, 44, 46, 47, 50, 67, 85, 111, 133, 147, 172, 173, 174, 175, 176, 181, 186, 192, 193, 194, 196, 198, 199, 201, 202, 203, 204, 206, 207, 209, 210, 211, 212, 213, 214, 215, 216, 217, 218, 220, 221, 222, 223, 224, 228, 229, 230, 232, 233, 234, 235, 236, 237, 238, 239, 240, 243, 246, 247, 248, 249, 250, 252, 254, 255, 256, 258, 259, 260, 261, 269, 270, 272, 275, 293, 312, 329, 343, 361, 362, 364, 365, 366, 368, 369, 371, 372, 375, 378, 380, 383, 410, 411, 412, 417, 422, 427, 428, 434, 435, 436, 438, 440, 441, 442, 443, 444, 445, 449, 450, 453, 454, 455, 456, 462, 463, 468, 469, 470, 472, 475, 492, 493, 494, 495, 499, 516, 517, 518, 519, 523, 541, 559], "summary": {"covered_lines": 151, "num_statements": 174, "percent_covered": 86.08695652173913, "percent_covered_display": "86.09", "missing_lines": 23, "excluded_lines": 0, "percent_statements_covered": 86.7816091954023, "percent_statements_covered_display": "86.78", "num_branches": 56, "num_partial_branches": 5, "covered_branches": 47, "missing_branches": 9, "percent_branches_covered": 83.92857142857143, "percent_branches_covered_display": "83.93"}, "missing_lines": [64, 82, 105, 107, 108, 126, 128, 129, 130, 144, 241, 290, 308, 309, 326, 340, 457, 496, 520, 538, 556, 574, 576], "excluded_lines": [], "start_line": 1, "executed_branches": [[172, 173], [172, 174], [174, 175], [174, 176], [202, -201], [202, 203], [203, 202], [203, 204], [213, 214], [213, 220], [215, 216], [215, 218], [222, 223], [222, 224], [229, 230], [229, 232], [236, 237], [236, 243], [238, 239], [243, 246], [243, 248], [361, 362], [361, 364], [368, 369], [368, 380], [371, 372], [371, 375], [410, 411], [410, 412], [427, 428], [427, 434], [438, 440], [438, 472], [441, 442], [441, 453], [444, 445], [444, 449], [453, 454], [456, 462], [462, 463], [462, 468], [492, 493], [492, 494], [494, 495], [516, 517], [516, 518], [518, 519]], "missing_branches": [[128, -111], [128, 129], [129, 128], [129, 130], [238, 241], [453, 438], [456, 457], [494, 496], [518, 520]]}}}}, "totals": {"covered_lines": 258, "num_statements": 284, "percent_covered": 90.57591623036649, "percent_covered_display": "90.58", "missing_lines": 26, "excluded_lines": 0, "percent_statements_covered": 90.84507042253522, "percent_statements_covered_display": "90.85", "num_branches": 98, "num_partial_branches": 6, "covered_branches": 88, "missing_branches": 10, "percent_branches_covered": 89.79591836734694, "percent_branches_covered_display": "89.80"}}